Connecting to database specified by database.yml
  [1m[36m (0.2ms)[0m  [1mselect sqlite_version(*)[0m
  [1m[35m (81.8ms)[0m  CREATE TABLE "schema_migrations" ("version" varchar(255) NOT NULL) 
  [1m[36m (40.8ms)[0m  [1mCREATE UNIQUE INDEX "unique_schema_migrations" ON "schema_migrations" ("version")[0m
  [1m[35m (10.1ms)[0m  SELECT "schema_migrations"."version" FROM "schema_migrations" 
Migrating to CreateMovies (20111119180638)
  [1m[36m (0.1ms)[0m  [1mbegin transaction[0m
  [1m[35m (4.7ms)[0m  CREATE TABLE "movies" ("id" INTEGER PRIMARY KEY AUTOINCREMENT NOT NULL, "title" varchar(255), "rating" varchar(255), "description" text, "release_date" datetime, "created_at" datetime NOT NULL, "updated_at" datetime NOT NULL) 
  [1m[36m (0.2ms)[0m  [1mINSERT INTO "schema_migrations" ("version") VALUES ('20111119180638')[0m
  [1m[35m (47.2ms)[0m  commit transaction
  [1m[36m (0.5ms)[0m  [1mSELECT "schema_migrations"."version" FROM "schema_migrations" [0m
Connecting to database specified by database.yml
  [1m[36m (3.2ms)[0m  [1mSELECT "schema_migrations"."version" FROM "schema_migrations" [0m
  [1m[35m (0.1ms)[0m  begin transaction
  [1m[36mSQL (18.6ms)[0m  [1mINSERT INTO "movies" ("created_at", "description", "rating", "release_date", "title", "updated_at") VALUES (?, ?, ?, ?, ?, ?)[0m  [["created_at", Tue, 14 Oct 2014 13:08:28 UTC +00:00], ["description", nil], ["rating", "G"], ["release_date", Wed, 25 Nov 1992 00:00:00 UTC +00:00], ["title", "Aladdin"], ["updated_at", Tue, 14 Oct 2014 13:08:28 UTC +00:00]]
  [1m[35m (83.7ms)[0m  commit transaction
  [1m[36m (0.6ms)[0m  [1mbegin transaction[0m
  [1m[35mSQL (0.9ms)[0m  INSERT INTO "movies" ("created_at", "description", "rating", "release_date", "title", "updated_at") VALUES (?, ?, ?, ?, ?, ?)  [["created_at", Tue, 14 Oct 2014 13:08:28 UTC +00:00], ["description", nil], ["rating", "R"], ["release_date", Fri, 26 Oct 1984 00:00:00 UTC +00:00], ["title", "The Terminator"], ["updated_at", Tue, 14 Oct 2014 13:08:28 UTC +00:00]]
  [1m[36m (41.5ms)[0m  [1mcommit transaction[0m
  [1m[35m (0.1ms)[0m  begin transaction
  [1m[36mSQL (1.0ms)[0m  [1mINSERT INTO "movies" ("created_at", "description", "rating", "release_date", "title", "updated_at") VALUES (?, ?, ?, ?, ?, ?)[0m  [["created_at", Tue, 14 Oct 2014 13:08:28 UTC +00:00], ["description", nil], ["rating", "R"], ["release_date", Fri, 21 Jul 1989 00:00:00 UTC +00:00], ["title", "When Harry Met Sally"], ["updated_at", Tue, 14 Oct 2014 13:08:28 UTC +00:00]]
  [1m[35m (45.8ms)[0m  commit transaction
  [1m[36m (0.2ms)[0m  [1mbegin transaction[0m
  [1m[35mSQL (1.4ms)[0m  INSERT INTO "movies" ("created_at", "description", "rating", "release_date", "title", "updated_at") VALUES (?, ?, ?, ?, ?, ?)  [["created_at", Tue, 14 Oct 2014 13:08:28 UTC +00:00], ["description", nil], ["rating", "PG-13"], ["release_date", Wed, 10 Aug 2011 00:00:00 UTC +00:00], ["title", "The Help"], ["updated_at", Tue, 14 Oct 2014 13:08:28 UTC +00:00]]
  [1m[36m (43.8ms)[0m  [1mcommit transaction[0m
  [1m[35m (0.1ms)[0m  begin transaction
  [1m[36mSQL (1.0ms)[0m  [1mINSERT INTO "movies" ("created_at", "description", "rating", "release_date", "title", "updated_at") VALUES (?, ?, ?, ?, ?, ?)[0m  [["created_at", Tue, 14 Oct 2014 13:08:29 UTC +00:00], ["description", nil], ["rating", "PG-13"], ["release_date", Fri, 05 Jan 2001 00:00:00 UTC +00:00], ["title", "Chocolat"], ["updated_at", Tue, 14 Oct 2014 13:08:29 UTC +00:00]]
  [1m[35m (41.4ms)[0m  commit transaction
  [1m[36m (0.1ms)[0m  [1mbegin transaction[0m
  [1m[35mSQL (0.9ms)[0m  INSERT INTO "movies" ("created_at", "description", "rating", "release_date", "title", "updated_at") VALUES (?, ?, ?, ?, ?, ?)  [["created_at", Tue, 14 Oct 2014 13:08:29 UTC +00:00], ["description", nil], ["rating", "R"], ["release_date", Wed, 25 Apr 2001 00:00:00 UTC +00:00], ["title", "Amelie"], ["updated_at", Tue, 14 Oct 2014 13:08:29 UTC +00:00]]
  [1m[36m (36.7ms)[0m  [1mcommit transaction[0m
  [1m[35m (0.1ms)[0m  begin transaction
  [1m[36mSQL (2.5ms)[0m  [1mINSERT INTO "movies" ("created_at", "description", "rating", "release_date", "title", "updated_at") VALUES (?, ?, ?, ?, ?, ?)[0m  [["created_at", Tue, 14 Oct 2014 13:08:29 UTC +00:00], ["description", nil], ["rating", "G"], ["release_date", Sat, 06 Apr 1968 00:00:00 UTC +00:00], ["title", "2001: A Space Odyssey"], ["updated_at", Tue, 14 Oct 2014 13:08:29 UTC +00:00]]
  [1m[35m (39.7ms)[0m  commit transaction
  [1m[36m (0.1ms)[0m  [1mbegin transaction[0m
  [1m[35mSQL (1.0ms)[0m  INSERT INTO "movies" ("created_at", "description", "rating", "release_date", "title", "updated_at") VALUES (?, ?, ?, ?, ?, ?)  [["created_at", Tue, 14 Oct 2014 13:08:29 UTC +00:00], ["description", nil], ["rating", "PG"], ["release_date", Fri, 05 Nov 2004 00:00:00 UTC +00:00], ["title", "The Incredibles"], ["updated_at", Tue, 14 Oct 2014 13:08:29 UTC +00:00]]
  [1m[36m (35.6ms)[0m  [1mcommit transaction[0m
  [1m[35m (0.6ms)[0m  begin transaction
  [1m[36mSQL (1.0ms)[0m  [1mINSERT INTO "movies" ("created_at", "description", "rating", "release_date", "title", "updated_at") VALUES (?, ?, ?, ?, ?, ?)[0m  [["created_at", Tue, 14 Oct 2014 13:08:29 UTC +00:00], ["description", nil], ["rating", "PG"], ["release_date", Fri, 12 Jun 1981 00:00:00 UTC +00:00], ["title", "Raiders of the Lost Ark"], ["updated_at", Tue, 14 Oct 2014 13:08:29 UTC +00:00]]
  [1m[35m (37.5ms)[0m  commit transaction
  [1m[36m (0.1ms)[0m  [1mbegin transaction[0m
  [1m[35mSQL (1.2ms)[0m  INSERT INTO "movies" ("created_at", "description", "rating", "release_date", "title", "updated_at") VALUES (?, ?, ?, ?, ?, ?)  [["created_at", Tue, 14 Oct 2014 13:08:29 UTC +00:00], ["description", nil], ["rating", "G"], ["release_date", Wed, 21 Jun 2000 00:00:00 UTC +00:00], ["title", "Chicken Run"], ["updated_at", Tue, 14 Oct 2014 13:08:29 UTC +00:00]]
  [1m[36m (33.4ms)[0m  [1mcommit transaction[0m
Connecting to database specified by database.yml
  [1m[36m (4.7ms)[0m  [1mSELECT "schema_migrations"."version" FROM "schema_migrations" [0m
  [1m[35m (0.1ms)[0m  begin transaction
  [1m[36mSQL (5.8ms)[0m  [1mINSERT INTO "movies" ("created_at", "description", "rating", "release_date", "title", "updated_at") VALUES (?, ?, ?, ?, ?, ?)[0m  [["created_at", Tue, 14 Oct 2014 13:09:25 UTC +00:00], ["description", nil], ["rating", "G"], ["release_date", Wed, 25 Nov 1992 00:00:00 UTC +00:00], ["title", "Aladdin"], ["updated_at", Tue, 14 Oct 2014 13:09:25 UTC +00:00]]
  [1m[35m (109.6ms)[0m  commit transaction
  [1m[36m (0.1ms)[0m  [1mbegin transaction[0m
  [1m[35mSQL (1.5ms)[0m  INSERT INTO "movies" ("created_at", "description", "rating", "release_date", "title", "updated_at") VALUES (?, ?, ?, ?, ?, ?)  [["created_at", Tue, 14 Oct 2014 13:09:25 UTC +00:00], ["description", nil], ["rating", "R"], ["release_date", Fri, 26 Oct 1984 00:00:00 UTC +00:00], ["title", "The Terminator"], ["updated_at", Tue, 14 Oct 2014 13:09:25 UTC +00:00]]
  [1m[36m (29.7ms)[0m  [1mcommit transaction[0m
  [1m[35m (0.1ms)[0m  begin transaction
  [1m[36mSQL (1.5ms)[0m  [1mINSERT INTO "movies" ("created_at", "description", "rating", "release_date", "title", "updated_at") VALUES (?, ?, ?, ?, ?, ?)[0m  [["created_at", Tue, 14 Oct 2014 13:09:25 UTC +00:00], ["description", nil], ["rating", "R"], ["release_date", Fri, 21 Jul 1989 00:00:00 UTC +00:00], ["title", "When Harry Met Sally"], ["updated_at", Tue, 14 Oct 2014 13:09:25 UTC +00:00]]
  [1m[35m (33.2ms)[0m  commit transaction
  [1m[36m (0.3ms)[0m  [1mbegin transaction[0m
  [1m[35mSQL (0.9ms)[0m  INSERT INTO "movies" ("created_at", "description", "rating", "release_date", "title", "updated_at") VALUES (?, ?, ?, ?, ?, ?)  [["created_at", Tue, 14 Oct 2014 13:09:25 UTC +00:00], ["description", nil], ["rating", "PG-13"], ["release_date", Wed, 10 Aug 2011 00:00:00 UTC +00:00], ["title", "The Help"], ["updated_at", Tue, 14 Oct 2014 13:09:25 UTC +00:00]]
  [1m[36m (34.3ms)[0m  [1mcommit transaction[0m
  [1m[35m (0.1ms)[0m  begin transaction
  [1m[36mSQL (0.9ms)[0m  [1mINSERT INTO "movies" ("created_at", "description", "rating", "release_date", "title", "updated_at") VALUES (?, ?, ?, ?, ?, ?)[0m  [["created_at", Tue, 14 Oct 2014 13:09:25 UTC +00:00], ["description", nil], ["rating", "PG-13"], ["release_date", Fri, 05 Jan 2001 00:00:00 UTC +00:00], ["title", "Chocolat"], ["updated_at", Tue, 14 Oct 2014 13:09:25 UTC +00:00]]
  [1m[35m (34.8ms)[0m  commit transaction
  [1m[36m (0.1ms)[0m  [1mbegin transaction[0m
  [1m[35mSQL (0.9ms)[0m  INSERT INTO "movies" ("created_at", "description", "rating", "release_date", "title", "updated_at") VALUES (?, ?, ?, ?, ?, ?)  [["created_at", Tue, 14 Oct 2014 13:09:25 UTC +00:00], ["description", nil], ["rating", "R"], ["release_date", Wed, 25 Apr 2001 00:00:00 UTC +00:00], ["title", "Amelie"], ["updated_at", Tue, 14 Oct 2014 13:09:25 UTC +00:00]]
  [1m[36m (36.0ms)[0m  [1mcommit transaction[0m
  [1m[35m (0.1ms)[0m  begin transaction
  [1m[36mSQL (1.0ms)[0m  [1mINSERT INTO "movies" ("created_at", "description", "rating", "release_date", "title", "updated_at") VALUES (?, ?, ?, ?, ?, ?)[0m  [["created_at", Tue, 14 Oct 2014 13:09:25 UTC +00:00], ["description", nil], ["rating", "G"], ["release_date", Sat, 06 Apr 1968 00:00:00 UTC +00:00], ["title", "2001: A Space Odyssey"], ["updated_at", Tue, 14 Oct 2014 13:09:25 UTC +00:00]]
  [1m[35m (37.0ms)[0m  commit transaction
  [1m[36m (0.1ms)[0m  [1mbegin transaction[0m
  [1m[35mSQL (1.5ms)[0m  INSERT INTO "movies" ("created_at", "description", "rating", "release_date", "title", "updated_at") VALUES (?, ?, ?, ?, ?, ?)  [["created_at", Tue, 14 Oct 2014 13:09:25 UTC +00:00], ["description", nil], ["rating", "PG"], ["release_date", Fri, 05 Nov 2004 00:00:00 UTC +00:00], ["title", "The Incredibles"], ["updated_at", Tue, 14 Oct 2014 13:09:25 UTC +00:00]]
  [1m[36m (38.6ms)[0m  [1mcommit transaction[0m
  [1m[35m (0.1ms)[0m  begin transaction
  [1m[36mSQL (1.7ms)[0m  [1mINSERT INTO "movies" ("created_at", "description", "rating", "release_date", "title", "updated_at") VALUES (?, ?, ?, ?, ?, ?)[0m  [["created_at", Tue, 14 Oct 2014 13:09:25 UTC +00:00], ["description", nil], ["rating", "PG"], ["release_date", Fri, 12 Jun 1981 00:00:00 UTC +00:00], ["title", "Raiders of the Lost Ark"], ["updated_at", Tue, 14 Oct 2014 13:09:25 UTC +00:00]]
  [1m[35m (36.2ms)[0m  commit transaction
  [1m[36m (0.1ms)[0m  [1mbegin transaction[0m
  [1m[35mSQL (1.0ms)[0m  INSERT INTO "movies" ("created_at", "description", "rating", "release_date", "title", "updated_at") VALUES (?, ?, ?, ?, ?, ?)  [["created_at", Tue, 14 Oct 2014 13:09:25 UTC +00:00], ["description", nil], ["rating", "G"], ["release_date", Wed, 21 Jun 2000 00:00:00 UTC +00:00], ["title", "Chicken Run"], ["updated_at", Tue, 14 Oct 2014 13:09:25 UTC +00:00]]
  [1m[36m (33.7ms)[0m  [1mcommit transaction[0m


Started GET "/assets/rails.png" for 127.0.0.1 at 2014-10-14 10:11:15 -0300
Connecting to database specified by database.yml
Served asset /rails.png - 200 OK (20ms)


Started GET "/movies" for 127.0.0.1 at 2014-10-14 10:11:23 -0300
Processing by MoviesController#index as HTML
  [1m[36mMovie Load (0.3ms)[0m  [1mSELECT "movies".* FROM "movies" [0m
  Rendered movies/index.html.haml within layouts/application (37.8ms)
Compiled application.css  (0ms)  (pid 6828)
Compiled jquery.js  (27ms)  (pid 6828)
Compiled jquery_ujs.js  (0ms)  (pid 6828)
Compiled application.js  (120ms)  (pid 6828)
Completed 200 OK in 421.2ms (Views: 323.8ms | ActiveRecord: 5.3ms)


Started GET "/assets/application.css?body=1" for 127.0.0.1 at 2014-10-14 10:11:23 -0300
Served asset /application.css - 200 OK (4ms)


Started GET "/assets/jquery.js?body=1" for 127.0.0.1 at 2014-10-14 10:11:23 -0300
Served asset /jquery.js - 200 OK (16ms)


Started GET "/assets/jquery_ujs.js?body=1" for 127.0.0.1 at 2014-10-14 10:11:23 -0300
Served asset /jquery_ujs.js - 200 OK (25ms)


Started GET "/assets/application.js?body=1" for 127.0.0.1 at 2014-10-14 10:11:23 -0300
Served asset /application.js - 200 OK (33ms)
